
> bespoke-ethos@0.1.0 typecheck
> tsc --noEmit

.next/dev/types/validator.ts(98,39): error TS2307: Cannot find module '../../../src/app/brutus/page.js' or its corresponding type declarations.
.next/dev/types/validator.ts(368,39): error TS2307: Cannot find module '../../../src/app/api/brutus/fs/route.js' or its corresponding type declarations.
.next/dev/types/validator.ts(377,39): error TS2307: Cannot find module '../../../src/app/api/brutus/openai/route.js' or its corresponding type declarations.
.next/dev/types/validator.ts(386,39): error TS2307: Cannot find module '../../../src/app/api/brutus/route.js' or its corresponding type declarations.
.next/dev/types/validator.ts(395,39): error TS2307: Cannot find module '../../../src/app/api/brutus/vision/route.js' or its corresponding type declarations.
.next/types/validator.ts(98,39): error TS2307: Cannot find module '../../src/app/brutus/page.js' or its corresponding type declarations.
.next/types/validator.ts(359,39): error TS2307: Cannot find module '../../src/app/api/brutus/fs/route.js' or its corresponding type declarations.
.next/types/validator.ts(368,39): error TS2307: Cannot find module '../../src/app/api/brutus/openai/route.js' or its corresponding type declarations.
.next/types/validator.ts(377,39): error TS2307: Cannot find module '../../src/app/api/brutus/route.js' or its corresponding type declarations.
.next/types/validator.ts(386,39): error TS2307: Cannot find module '../../src/app/api/brutus/vision/route.js' or its corresponding type declarations.
src/app/api/claude/batch/route.ts(14,23): error TS2307: Cannot find module '@anthropic-ai/sdk' or its corresponding type declarations.
src/app/api/claude/route.ts(13,23): error TS2307: Cannot find module '@anthropic-ai/sdk' or its corresponding type declarations.
src/lib/claude-api.ts(11,23): error TS2307: Cannot find module '@anthropic-ai/sdk' or its corresponding type declarations.
src/lib/claude-api.ts(264,7): error TS2353: Object literal may only specify known properties, and 'cache_control' does not exist in type '{ type: "text"; text: string; }'.
src/lib/claude-api.ts(282,18): error TS7006: Parameter 'text' implicitly has an 'any' type.
src/lib/claude-api.ts(285,21): error TS7006: Parameter 'message' implicitly has an 'any' type.
