
> bespoke-ethos@0.1.0 typecheck
> tsc --noEmit

.next/dev/types/validator.ts(98,39): error TS2307: Cannot find module '../../../src/app/brutus/page.js' or its corresponding type declarations.
.next/dev/types/validator.ts(368,39): error TS2307: Cannot find module '../../../src/app/api/brutus/fs/route.js' or its corresponding type declarations.
.next/dev/types/validator.ts(377,39): error TS2307: Cannot find module '../../../src/app/api/brutus/openai/route.js' or its corresponding type declarations.
.next/dev/types/validator.ts(386,39): error TS2307: Cannot find module '../../../src/app/api/brutus/route.js' or its corresponding type declarations.
.next/dev/types/validator.ts(395,39): error TS2307: Cannot find module '../../../src/app/api/brutus/vision/route.js' or its corresponding type declarations.
.next/types/validator.ts(98,39): error TS2307: Cannot find module '../../src/app/brutus/page.js' or its corresponding type declarations.
.next/types/validator.ts(359,39): error TS2307: Cannot find module '../../src/app/api/brutus/fs/route.js' or its corresponding type declarations.
.next/types/validator.ts(368,39): error TS2307: Cannot find module '../../src/app/api/brutus/openai/route.js' or its corresponding type declarations.
.next/types/validator.ts(377,39): error TS2307: Cannot find module '../../src/app/api/brutus/route.js' or its corresponding type declarations.
.next/types/validator.ts(386,39): error TS2307: Cannot find module '../../src/app/api/brutus/vision/route.js' or its corresponding type declarations.
src/app/api/claude/batch/route.ts(86,31): error TS2504: Type 'Promise<JSONLDecoder<MessageBatchIndividualResponse>>' must have a '[Symbol.asyncIterator]()' method that returns an async iterator.
src/app/api/claude/route.ts(99,18): error TS2532: Object is possibly 'undefined'.
src/app/api/claude/route.ts(99,56): error TS2532: Object is possibly 'undefined'.
src/app/api/claude/route.ts(99,76): error TS2339: Property 'text' does not exist on type 'ContentBlock'.
  Property 'text' does not exist on type 'ThinkingBlock'.
src/lib/claude-api.ts(197,31): error TS2504: Type 'Promise<JSONLDecoder<MessageBatchIndividualResponse>>' must have a '[Symbol.asyncIterator]()' method that returns an async iterator.
